<?xml version="1.0" encoding="utf-8" standalone="yes"?>
<coverage line-rate="0.6024464831804281" branch-rate="1" complexity="27" version="1.9" timestamp="1775520862" lines-covered="985" lines-valid="1635">
  <packages>
    <package line-rate="0.6024464831804281" branch-rate="1" complexity="27" name="EFManager">
      <classes>
        <class line-rate="1" branch-rate="1" complexity="1" name="AppDbContext" filename="C:\Users\casa\Documents\projetos\EFManager\DbContexts\AppDbContext.cs">
          <methods>
            <method line-rate="1" branch-rate="1" complexity="1" name="OnConfiguring" signature="(Microsoft.EntityFrameworkCore.DbContextOptionsBuilder)">
              <lines>
                <line number="13" hits="1" branch="False" />
                <line number="14" hits="1" branch="False" />
              </lines>
            </method>
          </methods>
          <lines>
            <line number="13" hits="1" branch="False" />
            <line number="14" hits="1" branch="False" />
          </lines>
        </class>
        <class line-rate="1" branch-rate="1" complexity="1" name="Pedido" filename="C:\Users\casa\Documents\projetos\EFManager\Entidades\Pedido.cs">
          <methods>
            <method line-rate="1" branch-rate="1" complexity="1" name="Pedido" signature="()">
              <lines>
                <line number="6" hits="1" branch="False" />
              </lines>
            </method>
          </methods>
          <lines>
            <line number="6" hits="1" branch="False" />
          </lines>
        </class>
        <class line-rate="1" branch-rate="1" complexity="1" name="Usuario" filename="C:\Users\casa\Documents\projetos\EFManager\Entidades\Usuario.cs">
          <methods>
            <method line-rate="1" branch-rate="1" complexity="1" name="Usuario" signature="()">
              <lines>
                <line number="5" hits="1" branch="False" />
              </lines>
            </method>
          </methods>
          <lines>
            <line number="5" hits="1" branch="False" />
          </lines>
        </class>
        <class line-rate="0" branch-rate="1" complexity="1" name="Program" filename="C:\Users\casa\Documents\projetos\EFManager\Program.cs">
          <methods>
            <method line-rate="0" branch-rate="1" complexity="1" name="&lt;Main&gt;$" signature="(string[])">
              <lines>
                <line number="3" hits="0" branch="False" />
                <line number="6" hits="0" branch="False" />
                <line number="9" hits="0" branch="False" />
                <line number="10" hits="0" branch="False" />
                <line number="11" hits="0" branch="False" />
                <line number="12" hits="0" branch="False" />
                <line number="13" hits="0" branch="False" />
                <line number="14" hits="0" branch="False" />
                <line number="16" hits="0" branch="False" />
                <line number="19" hits="0" branch="False" />
                <line number="20" hits="0" branch="False" />
                <line number="21" hits="0" branch="False" />
                <line number="23" hits="0" branch="False" />
                <line number="25" hits="0" branch="False" />
                <line number="26" hits="0" branch="False" />
                <line number="27" hits="0" branch="False" />
                <line number="29" hits="0" branch="False" />
                <line number="31" hits="0" branch="False" />
                <line number="34" hits="0" branch="False" />
                <line number="35" hits="0" branch="False" />
                <line number="36" hits="0" branch="False" />
                <line number="37" hits="0" branch="False" />
                <line number="39" hits="0" branch="False" />
                <line number="41" hits="0" branch="False" />
                <line number="42" hits="0" branch="False" />
                <line number="43" hits="0" branch="False" />
                <line number="44" hits="0" branch="False" />
                <line number="45" hits="0" branch="False" />
                <line number="46" hits="0" branch="False" />
                <line number="47" hits="0" branch="False" />
                <line number="48" hits="0" branch="False" />
                <line number="50" hits="0" branch="False" />
                <line number="52" hits="0" branch="False" />
                <line number="55" hits="0" branch="False" />
                <line number="56" hits="0" branch="False" />
                <line number="57" hits="0" branch="False" />
                <line number="58" hits="0" branch="False" />
                <line number="60" hits="0" branch="False" />
                <line number="62" hits="0" branch="False" />
                <line number="63" hits="0" branch="False" />
                <line number="64" hits="0" branch="False" />
                <line number="65" hits="0" branch="False" />
                <line number="66" hits="0" branch="False" />
                <line number="67" hits="0" branch="False" />
                <line number="68" hits="0" branch="False" />
                <line number="70" hits="0" branch="False" />
                <line number="72" hits="0" branch="False" />
                <line number="75" hits="0" branch="False" />
                <line number="76" hits="0" branch="False" />
                <line number="78" hits="0" branch="False" />
                <line number="80" hits="0" branch="False" />
                <line number="81" hits="0" branch="False" />
                <line number="82" hits="0" branch="False" />
                <line number="83" hits="0" branch="False" />
                <line number="84" hits="0" branch="False" />
                <line number="85" hits="0" branch="False" />
                <line number="86" hits="0" branch="False" />
                <line number="88" hits="0" branch="False" />
                <line number="90" hits="0" branch="False" />
                <line number="93" hits="0" branch="False" />
                <line number="95" hits="0" branch="False" />
                <line number="97" hits="0" branch="False" />
                <line number="98" hits="0" branch="False" />
                <line number="100" hits="0" branch="False" />
                <line number="105" hits="0" branch="False" />
                <line number="106" hits="0" branch="False" />
                <line number="108" hits="0" branch="False" />
                <line number="110" hits="0" branch="False" />
                <line number="111" hits="0" branch="False" />
                <line number="112" hits="0" branch="False" />
                <line number="113" hits="0" branch="False" />
                <line number="114" hits="0" branch="False" />
                <line number="115" hits="0" branch="False" />
                <line number="118" hits="0" branch="False" />
                <line number="121" hits="0" branch="False" />
                <line number="123" hits="0" branch="False" />
                <line number="125" hits="0" branch="False" />
                <line number="127" hits="0" branch="False" />
                <line number="130" hits="0" branch="False" />
                <line number="131" hits="0" branch="False" />
                <line number="132" hits="0" branch="False" />
                <line number="135" hits="0" branch="False" />
                <line number="136" hits="0" branch="False" />
                <line number="137" hits="0" branch="False" />
                <line number="139" hits="0" branch="False" />
                <line number="143" hits="0" branch="False" />
                <line number="144" hits="0" branch="False" />
                <line number="145" hits="0" branch="False" />
                <line number="147" hits="0" branch="False" />
                <line number="151" hits="0" branch="False" />
                <line number="152" hits="0" branch="False" />
                <line number="153" hits="0" branch="False" />
                <line number="155" hits="0" branch="False" />
                <line number="159" hits="0" branch="False" />
                <line number="160" hits="0" branch="False" />
                <line number="161" hits="0" branch="False" />
                <line number="163" hits="0" branch="False" />
                <line number="167" hits="0" branch="False" />
                <line number="168" hits="0" branch="False" />
                <line number="169" hits="0" branch="False" />
                <line number="171" hits="0" branch="False" />
                <line number="172" hits="0" branch="False" />
                <line number="174" hits="0" branch="False" />
                <line number="178" hits="0" branch="False" />
                <line number="179" hits="0" branch="False" />
                <line number="180" hits="0" branch="False" />
              </lines>
            </method>
          </methods>
          <lines>
            <line number="3" hits="0" branch="False" />
            <line number="6" hits="0" branch="False" />
            <line number="9" hits="0" branch="False" />
            <line number="10" hits="0" branch="False" />
            <line number="11" hits="0" branch="False" />
            <line number="12" hits="0" branch="False" />
            <line number="13" hits="0" branch="False" />
            <line number="14" hits="0" branch="False" />
            <line number="16" hits="0" branch="False" />
            <line number="19" hits="0" branch="False" />
            <line number="20" hits="0" branch="False" />
            <line number="21" hits="0" branch="False" />
            <line number="23" hits="0" branch="False" />
            <line number="25" hits="0" branch="False" />
            <line number="26" hits="0" branch="False" />
            <line number="27" hits="0" branch="False" />
            <line number="29" hits="0" branch="False" />
            <line number="31" hits="0" branch="False" />
            <line number="34" hits="0" branch="False" />
            <line number="35" hits="0" branch="False" />
            <line number="36" hits="0" branch="False" />
            <line number="37" hits="0" branch="False" />
            <line number="39" hits="0" branch="False" />
            <line number="41" hits="0" branch="False" />
            <line number="42" hits="0" branch="False" />
            <line number="43" hits="0" branch="False" />
            <line number="44" hits="0" branch="False" />
            <line number="45" hits="0" branch="False" />
            <line number="46" hits="0" branch="False" />
            <line number="47" hits="0" branch="False" />
            <line number="48" hits="0" branch="False" />
            <line number="50" hits="0" branch="False" />
            <line number="52" hits="0" branch="False" />
            <line number="55" hits="0" branch="False" />
            <line number="56" hits="0" branch="False" />
            <line number="57" hits="0" branch="False" />
            <line number="58" hits="0" branch="False" />
            <line number="60" hits="0" branch="False" />
            <line number="62" hits="0" branch="False" />
            <line number="63" hits="0" branch="False" />
            <line number="64" hits="0" branch="False" />
            <line number="65" hits="0" branch="False" />
            <line number="66" hits="0" branch="False" />
            <line number="67" hits="0" branch="False" />
            <line number="68" hits="0" branch="False" />
            <line number="70" hits="0" branch="False" />
            <line number="72" hits="0" branch="False" />
            <line number="75" hits="0" branch="False" />
            <line number="76" hits="0" branch="False" />
            <line number="78" hits="0" branch="False" />
            <line number="80" hits="0" branch="False" />
            <line number="81" hits="0" branch="False" />
            <line number="82" hits="0" branch="False" />
            <line number="83" hits="0" branch="False" />
            <line number="84" hits="0" branch="False" />
            <line number="85" hits="0" branch="False" />
            <line number="86" hits="0" branch="False" />
            <line number="88" hits="0" branch="False" />
            <line number="90" hits="0" branch="False" />
            <line number="93" hits="0" branch="False" />
            <line number="95" hits="0" branch="False" />
            <line number="97" hits="0" branch="False" />
            <line number="98" hits="0" branch="False" />
            <line number="100" hits="0" branch="False" />
            <line number="105" hits="0" branch="False" />
            <line number="106" hits="0" branch="False" />
            <line number="108" hits="0" branch="False" />
            <line number="110" hits="0" branch="False" />
            <line number="111" hits="0" branch="False" />
            <line number="112" hits="0" branch="False" />
            <line number="113" hits="0" branch="False" />
            <line number="114" hits="0" branch="False" />
            <line number="115" hits="0" branch="False" />
            <line number="118" hits="0" branch="False" />
            <line number="121" hits="0" branch="False" />
            <line number="123" hits="0" branch="False" />
            <line number="125" hits="0" branch="False" />
            <line number="127" hits="0" branch="False" />
            <line number="130" hits="0" branch="False" />
            <line number="131" hits="0" branch="False" />
            <line number="132" hits="0" branch="False" />
            <line number="135" hits="0" branch="False" />
            <line number="136" hits="0" branch="False" />
            <line number="137" hits="0" branch="False" />
            <line number="139" hits="0" branch="False" />
            <line number="143" hits="0" branch="False" />
            <line number="144" hits="0" branch="False" />
            <line number="145" hits="0" branch="False" />
            <line number="147" hits="0" branch="False" />
            <line number="151" hits="0" branch="False" />
            <line number="152" hits="0" branch="False" />
            <line number="153" hits="0" branch="False" />
            <line number="155" hits="0" branch="False" />
            <line number="159" hits="0" branch="False" />
            <line number="160" hits="0" branch="False" />
            <line number="161" hits="0" branch="False" />
            <line number="163" hits="0" branch="False" />
            <line number="167" hits="0" branch="False" />
            <line number="168" hits="0" branch="False" />
            <line number="169" hits="0" branch="False" />
            <line number="171" hits="0" branch="False" />
            <line number="172" hits="0" branch="False" />
            <line number="174" hits="0" branch="False" />
            <line number="178" hits="0" branch="False" />
            <line number="179" hits="0" branch="False" />
            <line number="180" hits="0" branch="False" />
          </lines>
        </class>
        <class line-rate="1" branch-rate="1" complexity="1" name="EFManager.Tests.UsuarioTests" filename="C:\Users\casa\Documents\projetos\EFManager\Tests\EntidadesTests.cs">
          <methods>
            <method line-rate="1" branch-rate="1" complexity="1" name="Usuario_DeveTerPropriedadesCorretamente" signature="()">
              <lines>
                <line number="12" hits="1" branch="False" />
                <line number="13" hits="1" branch="False" />
                <line number="14" hits="1" branch="False" />
                <line number="15" hits="1" branch="False" />
                <line number="16" hits="1" branch="False" />
                <line number="17" hits="1" branch="False" />
                <line number="20" hits="1" branch="False" />
                <line number="21" hits="1" branch="False" />
                <line number="22" hits="1" branch="False" />
                <line number="23" hits="1" branch="False" />
              </lines>
            </method>
            <method line-rate="1" branch-rate="1" complexity="1" name="Usuario_DeveInicializarColecaoDePedidosVazia" signature="()">
              <lines>
                <line number="29" hits="1" branch="False" />
                <line number="32" hits="1" branch="False" />
                <line number="33" hits="1" branch="False" />
                <line number="34" hits="1" branch="False" />
              </lines>
            </method>
            <method line-rate="1" branch-rate="1" complexity="1" name="Usuario_DevePermitirAdicionarPedidos" signature="()">
              <lines>
                <line number="40" hits="1" branch="False" />
                <line number="41" hits="1" branch="False" />
                <line number="42" hits="1" branch="False" />
                <line number="45" hits="1" branch="False" />
                <line number="46" hits="1" branch="False" />
                <line number="49" hits="1" branch="False" />
                <line number="50" hits="1" branch="False" />
                <line number="51" hits="1" branch="False" />
                <line number="52" hits="1" branch="False" />
              </lines>
            </method>
            <method line-rate="1" branch-rate="1" complexity="1" name="Usuario_NomeNaoPodeSerNull" signature="()">
              <lines>
                <line number="58" hits="1" branch="False" />
                <line number="61" hits="1" branch="False" />
                <line number="62" hits="1" branch="False" />
              </lines>
            </method>
            <method line-rate="1" branch-rate="1" complexity="1" name="Usuario_EmailNaoPodeSerNull" signature="()">
              <lines>
                <line number="68" hits="1" branch="False" />
                <line number="71" hits="1" branch="False" />
                <line number="72" hits="1" branch="False" />
              </lines>
            </method>
            <method line-rate="1" branch-rate="1" complexity="1" name="Usuario_IdDeveSuportarValoresPositivos" signature="(int)">
              <lines>
                <line number="80" hits="1" branch="False" />
                <line number="83" hits="1" branch="False" />
                <line number="84" hits="1" branch="False" />
              </lines>
            </method>
          </methods>
          <lines>
            <line number="12" hits="1" branch="False" />
            <line number="13" hits="1" branch="False" />
            <line number="14" hits="1" branch="False" />
            <line number="15" hits="1" branch="False" />
            <line number="16" hits="1" branch="False" />
            <line number="17" hits="1" branch="False" />
            <line number="20" hits="1" branch="False" />
            <line number="21" hits="1" branch="False" />
            <line number="22" hits="1" branch="False" />
            <line number="23" hits="1" branch="False" />
            <line number="29" hits="1" branch="False" />
            <line number="32" hits="1" branch="False" />
            <line number="33" hits="1" branch="False" />
            <line number="34" hits="1" branch="False" />
            <line number="40" hits="1" branch="False" />
            <line number="41" hits="1" branch="False" />
            <line number="42" hits="1" branch="False" />
            <line number="45" hits="1" branch="False" />
            <line number="46" hits="1" branch="False" />
            <line number="49" hits="1" branch="False" />
            <line number="50" hits="1" branch="False" />
            <line number="51" hits="1" branch="False" />
            <line number="52" hits="1" branch="False" />
            <line number="58" hits="1" branch="False" />
            <line number="61" hits="1" branch="False" />
            <line number="62" hits="1" branch="False" />
            <line number="68" hits="1" branch="False" />
            <line number="71" hits="1" branch="False" />
            <line number="72" hits="1" branch="False" />
            <line number="80" hits="1" branch="False" />
            <line number="83" hits="1" branch="False" />
            <line number="84" hits="1" branch="False" />
          </lines>
        </class>
        <class line-rate="1" branch-rate="1" complexity="1" name="EFManager.Tests.PedidoTests" filename="C:\Users\casa\Documents\projetos\EFManager\Tests\EntidadesTests.cs">
          <methods>
            <method line-rate="1" branch-rate="1" complexity="1" name="Pedido_DeveTerPropriedadesCorretamente" signature="()">
              <lines>
                <line number="93" hits="1" branch="False" />
                <line number="94" hits="1" branch="False" />
                <line number="95" hits="1" branch="False" />
                <line number="96" hits="1" branch="False" />
                <line number="97" hits="1" branch="False" />
                <line number="98" hits="1" branch="False" />
                <line number="101" hits="1" branch="False" />
                <line number="102" hits="1" branch="False" />
                <line number="103" hits="1" branch="False" />
                <line number="104" hits="1" branch="False" />
              </lines>
            </method>
            <method line-rate="1" branch-rate="1" complexity="1" name="Pedido_DeveInicializarColecaoDeProdutosPedidosVazia" signature="()">
              <lines>
                <line number="110" hits="1" branch="False" />
                <line number="113" hits="1" branch="False" />
                <line number="114" hits="1" branch="False" />
                <line number="115" hits="1" branch="False" />
              </lines>
            </method>
            <method line-rate="1" branch-rate="1" complexity="1" name="Pedido_DevePermitirAdicionarProdutos" signature="()">
              <lines>
                <line number="121" hits="1" branch="False" />
                <line number="122" hits="1" branch="False" />
                <line number="123" hits="1" branch="False" />
                <line number="126" hits="1" branch="False" />
                <line number="127" hits="1" branch="False" />
                <line number="130" hits="1" branch="False" />
                <line number="131" hits="1" branch="False" />
                <line number="132" hits="1" branch="False" />
                <line number="133" hits="1" branch="False" />
              </lines>
            </method>
            <method line-rate="1" branch-rate="1" complexity="1" name="Pedido_UsuarioReferenciaPodeSerNull" signature="()">
              <lines>
                <line number="139" hits="1" branch="False" />
                <line number="142" hits="1" branch="False" />
                <line number="143" hits="1" branch="False" />
              </lines>
            </method>
            <method line-rate="1" branch-rate="1" complexity="1" name="Pedido_DevePermitirTotalZero" signature="()">
              <lines>
                <line number="149" hits="1" branch="False" />
                <line number="152" hits="1" branch="False" />
                <line number="153" hits="1" branch="False" />
              </lines>
            </method>
            <method line-rate="1" branch-rate="1" complexity="1" name="Pedido_TotalDeveSuportarValoresDecimais" signature="(double)">
              <lines>
                <line number="162" hits="1" branch="False" />
                <line number="165" hits="1" branch="False" />
                <line number="166" hits="1" branch="False" />
              </lines>
            </method>
            <method line-rate="1" branch-rate="1" complexity="1" name="Pedido_DeveAssociarComUsuario" signature="()">
              <lines>
                <line number="172" hits="1" branch="False" />
                <line number="173" hits="1" branch="False" />
                <line number="176" hits="1" branch="False" />
                <line number="177" hits="1" branch="False" />
                <line number="178" hits="1" branch="False" />
                <line number="179" hits="1" branch="False" />
              </lines>
            </method>
          </methods>
          <lines>
            <line number="93" hits="1" branch="False" />
            <line number="94" hits="1" branch="False" />
            <line number="95" hits="1" branch="False" />
            <line number="96" hits="1" branch="False" />
            <line number="97" hits="1" branch="False" />
            <line number="98" hits="1" branch="False" />
            <line number="101" hits="1" branch="False" />
            <line number="102" hits="1" branch="False" />
            <line number="103" hits="1" branch="False" />
            <line number="104" hits="1" branch="False" />
            <line number="110" hits="1" branch="False" />
            <line number="113" hits="1" branch="False" />
            <line number="114" hits="1" branch="False" />
            <line number="115" hits="1" branch="False" />
            <line number="121" hits="1" branch="False" />
            <line number="122" hits="1" branch="False" />
            <line number="123" hits="1" branch="False" />
            <line number="126" hits="1" branch="False" />
            <line number="127" hits="1" branch="False" />
            <line number="130" hits="1" branch="False" />
            <line number="131" hits="1" branch="False" />
            <line number="132" hits="1" branch="False" />
            <line number="133" hits="1" branch="False" />
            <line number="139" hits="1" branch="False" />
            <line number="142" hits="1" branch="False" />
            <line number="143" hits="1" branch="False" />
            <line number="149" hits="1" branch="False" />
            <line number="152" hits="1" branch="False" />
            <line number="153" hits="1" branch="False" />
            <line number="162" hits="1" branch="False" />
            <line number="165" hits="1" branch="False" />
            <line number="166" hits="1" branch="False" />
            <line number="172" hits="1" branch="False" />
            <line number="173" hits="1" branch="False" />
            <line number="176" hits="1" branch="False" />
            <line number="177" hits="1" branch="False" />
            <line number="178" hits="1" branch="False" />
            <line number="179" hits="1" branch="False" />
          </lines>
        </class>
        <class line-rate="1" branch-rate="1" complexity="1" name="EFManager.Tests.ProdutoTests" filename="C:\Users\casa\Documents\projetos\EFManager\Tests\EntidadesTests.cs">
          <methods>
            <method line-rate="1" branch-rate="1" complexity="1" name="Produto_DeveTerPropriedadesCorretamente" signature="()">
              <lines>
                <line number="188" hits="1" branch="False" />
                <line number="189" hits="1" branch="False" />
                <line number="190" hits="1" branch="False" />
                <line number="191" hits="1" branch="False" />
                <line number="192" hits="1" branch="False" />
                <line number="193" hits="1" branch="False" />
                <line number="194" hits="1" branch="False" />
                <line number="197" hits="1" branch="False" />
                <line number="198" hits="1" branch="False" />
                <line number="199" hits="1" branch="False" />
                <line number="200" hits="1" branch="False" />
                <line number="201" hits="1" branch="False" />
              </lines>
            </method>
            <method line-rate="1" branch-rate="1" complexity="1" name="Produto_CategoriaReferenciaPodeSerNull" signature="()">
              <lines>
                <line number="207" hits="1" branch="False" />
                <line number="210" hits="1" branch="False" />
                <line number="211" hits="1" branch="False" />
              </lines>
            </method>
            <method line-rate="1" branch-rate="1" complexity="1" name="Produto_DeveAssociarComCategoria" signature="()">
              <lines>
                <line number="217" hits="1" branch="False" />
                <line number="218" hits="1" branch="False" />
                <line number="219" hits="1" branch="False" />
                <line number="220" hits="1" branch="False" />
                <line number="221" hits="1" branch="False" />
                <line number="222" hits="1" branch="False" />
                <line number="223" hits="1" branch="False" />
                <line number="224" hits="1" branch="False" />
                <line number="225" hits="1" branch="False" />
                <line number="228" hits="1" branch="False" />
                <line number="229" hits="1" branch="False" />
                <line number="230" hits="1" branch="False" />
              </lines>
            </method>
            <method line-rate="1" branch-rate="1" complexity="1" name="Produto_PrecoUnitarioDeveSuportarValoresPositivos" signature="(double)">
              <lines>
                <line number="238" hits="1" branch="False" />
                <line number="241" hits="1" branch="False" />
                <line number="242" hits="1" branch="False" />
              </lines>
            </method>
            <method line-rate="1" branch-rate="1" complexity="1" name="Produto_NomeNaoPodeSerNull" signature="()">
              <lines>
                <line number="248" hits="1" branch="False" />
                <line number="251" hits="1" branch="False" />
                <line number="252" hits="1" branch="False" />
              </lines>
            </method>
            <method line-rate="1" branch-rate="1" complexity="1" name="Produto_PrecoUnitarioPodeSerZero" signature="()">
              <lines>
                <line number="258" hits="1" branch="False" />
                <line number="261" hits="1" branch="False" />
                <line number="262" hits="1" branch="False" />
              </lines>
            </method>
          </methods>
          <lines>
            <line number="188" hits="1" branch="False" />
            <line number="189" hits="1" branch="False" />
            <line number="190" hits="1" branch="False" />
            <line number="191" hits="1" branch="False" />
            <line number="192" hits="1" branch="False" />
            <line number="193" hits="1" branch="False" />
            <line number="194" hits="1" branch="False" />
            <line number="197" hits="1" branch="False" />
            <line number="198" hits="1" branch="False" />
            <line number="199" hits="1" branch="False" />
            <line number="200" hits="1" branch="False" />
            <line number="201" hits="1" branch="False" />
            <line number="207" hits="1" branch="False" />
            <line number="210" hits="1" branch="False" />
            <line number="211" hits="1" branch="False" />
            <line number="217" hits="1" branch="False" />
            <line number="218" hits="1" branch="False" />
            <line number="219" hits="1" branch="False" />
            <line number="220" hits="1" branch="False" />
            <line number="221" hits="1" branch="False" />
            <line number="222" hits="1" branch="False" />
            <line number="223" hits="1" branch="False" />
            <line number="224" hits="1" branch="False" />
            <line number="225" hits="1" branch="False" />
            <line number="228" hits="1" branch="False" />
            <line number="229" hits="1" branch="False" />
            <line number="230" hits="1" branch="False" />
            <line number="238" hits="1" branch="False" />
            <line number="241" hits="1" branch="False" />
            <line number="242" hits="1" branch="False" />
            <line number="248" hits="1" branch="False" />
            <line number="251" hits="1" branch="False" />
            <line number="252" hits="1" branch="False" />
            <line number="258" hits="1" branch="False" />
            <line number="261" hits="1" branch="False" />
            <line number="262" hits="1" branch="False" />
          </lines>
        </class>
        <class line-rate="1" branch-rate="1" complexity="1" name="EFManager.Tests.CategoriaTests" filename="C:\Users\casa\Documents\projetos\EFManager\Tests\EntidadesTests.cs">
          <methods>
            <method line-rate="1" branch-rate="1" complexity="1" name="Categoria_DeveTerPropriedadesCorretamente" signature="()">
              <lines>
                <line number="271" hits="1" branch="False" />
                <line number="272" hits="1" branch="False" />
                <line number="273" hits="1" branch="False" />
                <line number="274" hits="1" branch="False" />
                <line number="275" hits="1" branch="False" />
                <line number="278" hits="1" branch="False" />
                <line number="279" hits="1" branch="False" />
                <line number="280" hits="1" branch="False" />
              </lines>
            </method>
            <method line-rate="1" branch-rate="1" complexity="1" name="Categoria_NomeNaoPodeSerNull" signature="()">
              <lines>
                <line number="286" hits="1" branch="False" />
                <line number="289" hits="1" branch="False" />
                <line number="290" hits="1" branch="False" />
              </lines>
            </method>
            <method line-rate="1" branch-rate="1" complexity="1" name="Categoria_DeveAceitarQualquerNome" signature="(string)">
              <lines>
                <line number="299" hits="1" branch="False" />
                <line number="302" hits="1" branch="False" />
                <line number="303" hits="1" branch="False" />
              </lines>
            </method>
            <method line-rate="1" branch-rate="1" complexity="1" name="Categoria_IdDeveSuportarValoresPositivos" signature="(int)">
              <lines>
                <line number="311" hits="1" branch="False" />
                <line number="314" hits="1" branch="False" />
                <line number="315" hits="1" branch="False" />
              </lines>
            </method>
          </methods>
          <lines>
            <line number="271" hits="1" branch="False" />
            <line number="272" hits="1" branch="False" />
            <line number="273" hits="1" branch="False" />
            <line number="274" hits="1" branch="False" />
            <line number="275" hits="1" branch="False" />
            <line number="278" hits="1" branch="False" />
            <line number="279" hits="1" branch="False" />
            <line number="280" hits="1" branch="False" />
            <line number="286" hits="1" branch="False" />
            <line number="289" hits="1" branch="False" />
            <line number="290" hits="1" branch="False" />
            <line number="299" hits="1" branch="False" />
            <line number="302" hits="1" branch="False" />
            <line number="303" hits="1" branch="False" />
            <line number="311" hits="1" branch="False" />
            <line number="314" hits="1" branch="False" />
            <line number="315" hits="1" branch="False" />
          </lines>
        </class>
        <class line-rate="1" branch-rate="1" complexity="1" name="EFManager.Tests.ProdutoPedidoTests" filename="C:\Users\casa\Documents\projetos\EFManager\Tests\EntidadesTests.cs">
          <methods>
            <method line-rate="1" branch-rate="1" complexity="1" name="ProdutoPedido_DeveTerPropriedadesCorretamente" signature="()">
              <lines>
                <line number="324" hits="1" branch="False" />
                <line number="325" hits="1" branch="False" />
                <line number="326" hits="1" branch="False" />
                <line number="327" hits="1" branch="False" />
                <line number="328" hits="1" branch="False" />
                <line number="329" hits="1" branch="False" />
                <line number="332" hits="1" branch="False" />
                <line number="333" hits="1" branch="False" />
                <line number="334" hits="1" branch="False" />
                <line number="335" hits="1" branch="False" />
              </lines>
            </method>
            <method line-rate="1" branch-rate="1" complexity="1" name="ProdutoPedido_ReferenciaPedidoPodeSerNull" signature="()">
              <lines>
                <line number="341" hits="1" branch="False" />
                <line number="344" hits="1" branch="False" />
                <line number="345" hits="1" branch="False" />
              </lines>
            </method>
            <method line-rate="1" branch-rate="1" complexity="1" name="ProdutoPedido_ReferenciaProdutoPodeSerNull" signature="()">
              <lines>
                <line number="351" hits="1" branch="False" />
                <line number="354" hits="1" branch="False" />
                <line number="355" hits="1" branch="False" />
              </lines>
            </method>
            <method line-rate="1" branch-rate="1" complexity="1" name="ProdutoPedido_DeveAssociarComPedidoEProduto" signature="()">
              <lines>
                <line number="361" hits="1" branch="False" />
                <line number="362" hits="1" branch="False" />
                <line number="363" hits="1" branch="False" />
                <line number="364" hits="1" branch="False" />
                <line number="365" hits="1" branch="False" />
                <line number="366" hits="1" branch="False" />
                <line number="367" hits="1" branch="False" />
                <line number="368" hits="1" branch="False" />
                <line number="369" hits="1" branch="False" />
                <line number="370" hits="1" branch="False" />
                <line number="373" hits="1" branch="False" />
                <line number="374" hits="1" branch="False" />
                <line number="375" hits="1" branch="False" />
                <line number="376" hits="1" branch="False" />
                <line number="377" hits="1" branch="False" />
              </lines>
            </method>
            <method line-rate="1" branch-rate="1" complexity="1" name="ProdutoPedido_DevePermitirDiferentesIds" signature="(int, int)">
              <lines>
                <line number="385" hits="1" branch="False" />
                <line number="388" hits="1" branch="False" />
                <line number="389" hits="1" branch="False" />
                <line number="390" hits="1" branch="False" />
              </lines>
            </method>
          </methods>
          <lines>
            <line number="324" hits="1" branch="False" />
            <line number="325" hits="1" branch="False" />
            <line number="326" hits="1" branch="False" />
            <line number="327" hits="1" branch="False" />
            <line number="328" hits="1" branch="False" />
            <line number="329" hits="1" branch="False" />
            <line number="332" hits="1" branch="False" />
            <line number="333" hits="1" branch="False" />
            <line number="334" hits="1" branch="False" />
            <line number="335" hits="1" branch="False" />
            <line number="341" hits="1" branch="False" />
            <line number="344" hits="1" branch="False" />
            <line number="345" hits="1" branch="False" />
            <line number="351" hits="1" branch="False" />
            <line number="354" hits="1" branch="False" />
            <line number="355" hits="1" branch="False" />
            <line number="361" hits="1" branch="False" />
            <line number="362" hits="1" branch="False" />
            <line number="363" hits="1" branch="False" />
            <line number="364" hits="1" branch="False" />
            <line number="365" hits="1" branch="False" />
            <line number="366" hits="1" branch="False" />
            <line number="367" hits="1" branch="False" />
            <line number="368" hits="1" branch="False" />
            <line number="369" hits="1" branch="False" />
            <line number="370" hits="1" branch="False" />
            <line number="373" hits="1" branch="False" />
            <line number="374" hits="1" branch="False" />
            <line number="375" hits="1" branch="False" />
            <line number="376" hits="1" branch="False" />
            <line number="377" hits="1" branch="False" />
            <line number="385" hits="1" branch="False" />
            <line number="388" hits="1" branch="False" />
            <line number="389" hits="1" branch="False" />
            <line number="390" hits="1" branch="False" />
          </lines>
        </class>
        <class line-rate="1" branch-rate="1" complexity="1" name="EFManager.Tests.AppDbContextTests" filename="C:\Users\casa\Documents\projetos\EFManager\Tests\EntidadesTests.cs">
          <methods>
            <method line-rate="1" branch-rate="1" complexity="1" name="AppDbContext_DeveConterDbSetParaTodasAsEntidades" signature="()">
              <lines>
                <line number="399" hits="1" branch="False" />
                <line number="402" hits="1" branch="False" />
                <line number="403" hits="1" branch="False" />
                <line number="404" hits="1" branch="False" />
                <line number="405" hits="1" branch="False" />
                <line number="406" hits="1" branch="False" />
                <line number="407" hits="1" branch="False" />
              </lines>
            </method>
            <method line-rate="1" branch-rate="1" complexity="1" name="AppDbContext_DeveSerInstanciadoSemErros" signature="()">
              <lines>
                <line number="413" hits="1" branch="False" />
                <line number="416" hits="1" branch="False" />
                <line number="417" hits="1" branch="False" />
              </lines>
            </method>
          </methods>
          <lines>
            <line number="399" hits="1" branch="False" />
            <line number="402" hits="1" branch="False" />
            <line number="403" hits="1" branch="False" />
            <line number="404" hits="1" branch="False" />
            <line number="405" hits="1" branch="False" />
            <line number="406" hits="1" branch="False" />
            <line number="407" hits="1" branch="False" />
            <line number="413" hits="1" branch="False" />
            <line number="416" hits="1" branch="False" />
            <line number="417" hits="1" branch="False" />
          </lines>
        </class>
        <class line-rate="1" branch-rate="1" complexity="1" name="EFManager.Tests.IntegrationTests" filename="C:\Users\casa\Documents\projetos\EFManager\Tests\EntidadesTests.cs">
          <methods>
            <method line-rate="1" branch-rate="1" complexity="1" name="Usuario_ComMultiplosPedidos_DeveMantenerAssociacao" signature="()">
              <lines>
                <line number="426" hits="1" branch="False" />
                <line number="427" hits="1" branch="False" />
                <line number="428" hits="1" branch="False" />
                <line number="431" hits="1" branch="False" />
                <line number="432" hits="1" branch="False" />
                <line number="435" hits="1" branch="False" />
                <line number="436" hits="1" branch="False" />
                <line number="438" hits="1" branch="False" />
                <line number="440" hits="1" branch="False" />
              </lines>
            </method>
            <method line-rate="1" branch-rate="1" complexity="1" name="Pedido_ComMultiplosProdutos_DeveMantenerAssociacao" signature="()">
              <lines>
                <line number="446" hits="1" branch="False" />
                <line number="447" hits="1" branch="False" />
                <line number="448" hits="1" branch="False" />
                <line number="449" hits="1" branch="False" />
                <line number="452" hits="1" branch="False" />
                <line number="453" hits="1" branch="False" />
                <line number="454" hits="1" branch="False" />
                <line number="457" hits="1" branch="False" />
                <line number="458" hits="1" branch="False" />
                <line number="460" hits="1" branch="False" />
                <line number="462" hits="1" branch="False" />
              </lines>
            </method>
            <method line-rate="1" branch-rate="1" complexity="1" name="Produto_ComCategoria_DeveManterReferencia" signature="()">
              <lines>
                <line number="468" hits="1" branch="False" />
                <line number="469" hits="1" branch="False" />
                <line number="470" hits="1" branch="False" />
                <line number="471" hits="1" branch="False" />
                <line number="472" hits="1" branch="False" />
                <line number="473" hits="1" branch="False" />
                <line number="474" hits="1" branch="False" />
                <line number="475" hits="1" branch="False" />
                <line number="476" hits="1" branch="False" />
                <line number="479" hits="1" branch="False" />
                <line number="480" hits="1" branch="False" />
                <line number="481" hits="1" branch="False" />
                <line number="482" hits="1" branch="False" />
              </lines>
            </method>
            <method line-rate="1" branch-rate="1" complexity="1" name="SistemaCompleto_DeveManterTodosRelacionamentos" signature="()">
              <lines>
                <line number="488" hits="1" branch="False" />
                <line number="489" hits="1" branch="False" />
                <line number="490" hits="1" branch="False" />
                <line number="491" hits="1" branch="False" />
                <line number="492" hits="1" branch="False" />
                <line number="495" hits="1" branch="False" />
                <line number="496" hits="1" branch="False" />
                <line number="499" hits="1" branch="False" />
                <line number="500" hits="1" branch="False" />
                <line number="501" hits="1" branch="False" />
                <line number="502" hits="1" branch="False" />
                <line number="503" hits="1" branch="False" />
                <line number="504" hits="1" branch="False" />
              </lines>
            </method>
          </methods>
          <lines>
            <line number="426" hits="1" branch="False" />
            <line number="427" hits="1" branch="False" />
            <line number="428" hits="1" branch="False" />
            <line number="431" hits="1" branch="False" />
            <line number="432" hits="1" branch="False" />
            <line number="435" hits="1" branch="False" />
            <line number="436" hits="1" branch="False" />
            <line number="438" hits="1" branch="False" />
            <line number="440" hits="1" branch="False" />
            <line number="446" hits="1" branch="False" />
            <line number="447" hits="1" branch="False" />
            <line number="448" hits="1" branch="False" />
            <line number="449" hits="1" branch="False" />
            <line number="452" hits="1" branch="False" />
            <line number="453" hits="1" branch="False" />
            <line number="454" hits="1" branch="False" />
            <line number="457" hits="1" branch="False" />
            <line number="458" hits="1" branch="False" />
            <line number="460" hits="1" branch="False" />
            <line number="462" hits="1" branch="False" />
            <line number="468" hits="1" branch="False" />
            <line number="469" hits="1" branch="False" />
            <line number="470" hits="1" branch="False" />
            <line number="471" hits="1" branch="False" />
            <line number="472" hits="1" branch="False" />
            <line number="473" hits="1" branch="False" />
            <line number="474" hits="1" branch="False" />
            <line number="475" hits="1" branch="False" />
            <line number="476" hits="1" branch="False" />
            <line number="479" hits="1" branch="False" />
            <line number="480" hits="1" branch="False" />
            <line number="481" hits="1" branch="False" />
            <line number="482" hits="1" branch="False" />
            <line number="488" hits="1" branch="False" />
            <line number="489" hits="1" branch="False" />
            <line number="490" hits="1" branch="False" />
            <line number="491" hits="1" branch="False" />
            <line number="492" hits="1" branch="False" />
            <line number="495" hits="1" branch="False" />
            <line number="496" hits="1" branch="False" />
            <line number="499" hits="1" branch="False" />
            <line number="500" hits="1" branch="False" />
            <line number="501" hits="1" branch="False" />
            <line number="502" hits="1" branch="False" />
            <line number="503" hits="1" branch="False" />
            <line number="504" hits="1" branch="False" />
          </lines>
        </class>
        <class line-rate="0.994572591587517" branch-rate="1" complexity="1" name="EFManager.Tests.DbContextIntegrationTests" filename="C:\Users\casa\Documents\projetos\EFManager\Tests\EntidadesTests.cs">
          <methods>
            <method line-rate="0.8571428571428571" branch-rate="1" complexity="1" name="Setup" signature="()">
              <lines>
                <line number="515" hits="1" branch="False" />
                <line number="516" hits="1" branch="False" />
                <line number="518" hits="0" branch="False" />
                <line number="520" hits="1" branch="False" />
                <line number="521" hits="1" branch="False" />
                <line number="522" hits="1" branch="False" />
                <line number="523" hits="1" branch="False" />
              </lines>
            </method>
            <method line-rate="1" branch-rate="1" complexity="1" name="TearDown" signature="()">
              <lines>
                <line number="528" hits="1" branch="False" />
                <line number="529" hits="1" branch="False" />
                <line number="530" hits="1" branch="False" />
              </lines>
            </method>
            <method line-rate="1" branch-rate="1" complexity="1" name="InsertAndRetrieveUsuario" signature="()">
              <lines>
                <line number="536" hits="1" branch="False" />
                <line number="539" hits="1" branch="False" />
                <line number="540" hits="1" branch="False" />
                <line number="543" hits="1" branch="False" />
                <line number="544" hits="1" branch="False" />
                <line number="545" hits="1" branch="False" />
                <line number="546" hits="1" branch="False" />
              </lines>
            </method>
            <method line-rate="1" branch-rate="1" complexity="1" name="InsertAndRetrieveCategoria" signature="()">
              <lines>
                <line number="552" hits="1" branch="False" />
                <line number="555" hits="1" branch="False" />
                <line number="556" hits="1" branch="False" />
                <line number="559" hits="1" branch="False" />
                <line number="560" hits="1" branch="False" />
                <line number="561" hits="1" branch="False" />
                <line number="562" hits="1" branch="False" />
              </lines>
            </method>
            <method line-rate="1" branch-rate="1" complexity="1" name="InsertAndRetrieveProduto" signature="()">
              <lines>
                <line number="568" hits="1" branch="False" />
                <line number="569" hits="1" branch="False" />
                <line number="570" hits="1" branch="False" />
                <line number="571" hits="1" branch="False" />
                <line number="572" hits="1" branch="False" />
                <line number="573" hits="1" branch="False" />
                <line number="574" hits="1" branch="False" />
                <line number="577" hits="1" branch="False" />
                <line number="578" hits="1" branch="False" />
                <line number="579" hits="1" branch="False" />
                <line number="582" hits="1" branch="False" />
                <line number="583" hits="1" branch="False" />
                <line number="584" hits="1" branch="False" />
                <line number="585" hits="1" branch="False" />
                <line number="586" hits="1" branch="False" />
              </lines>
            </method>
            <method line-rate="1" branch-rate="1" complexity="1" name="InsertAndRetrievePedidoWithProdutos" signature="()">
              <lines>
                <line number="592" hits="1" branch="False" />
                <line number="593" hits="1" branch="False" />
                <line number="594" hits="1" branch="False" />
                <line number="595" hits="1" branch="False" />
                <line number="597" hits="1" branch="False" />
                <line number="598" hits="1" branch="False" />
                <line number="599" hits="1" branch="False" />
                <line number="601" hits="1" branch="False" />
                <line number="602" hits="1" branch="False" />
                <line number="605" hits="1" branch="False" />
                <line number="606" hits="1" branch="False" />
                <line number="607" hits="1" branch="False" />
                <line number="608" hits="1" branch="False" />
                <line number="609" hits="1" branch="False" />
                <line number="610" hits="1" branch="False" />
                <line number="613" hits="1" branch="False" />
                <line number="614" hits="1" branch="False" />
                <line number="615" hits="1" branch="False" />
                <line number="616" hits="1" branch="False" />
                <line number="617" hits="1" branch="False" />
              </lines>
            </method>
            <method line-rate="1" branch-rate="1" complexity="1" name="UpdateProdutoPrice" signature="()">
              <lines>
                <line number="623" hits="1" branch="False" />
                <line number="624" hits="1" branch="False" />
                <line number="626" hits="1" branch="False" />
                <line number="627" hits="1" branch="False" />
                <line number="628" hits="1" branch="False" />
                <line number="631" hits="1" branch="False" />
                <line number="632" hits="1" branch="False" />
                <line number="633" hits="1" branch="False" />
                <line number="636" hits="1" branch="False" />
                <line number="637" hits="1" branch="False" />
                <line number="638" hits="1" branch="False" />
              </lines>
            </method>
            <method line-rate="1" branch-rate="1" complexity="1" name="DeleteProduto" signature="()">
              <lines>
                <line number="644" hits="1" branch="False" />
                <line number="645" hits="1" branch="False" />
                <line number="647" hits="1" branch="False" />
                <line number="648" hits="1" branch="False" />
                <line number="649" hits="1" branch="False" />
                <line number="650" hits="1" branch="False" />
                <line number="653" hits="1" branch="False" />
                <line number="654" hits="1" branch="False" />
                <line number="655" hits="1" branch="False" />
                <line number="658" hits="1" branch="False" />
                <line number="659" hits="1" branch="False" />
                <line number="660" hits="1" branch="False" />
              </lines>
            </method>
            <method line-rate="1" branch-rate="1" complexity="1" name="MultipleUsuariosWithPedidos" signature="()">
              <lines>
                <line number="666" hits="1" branch="False" />
                <line number="667" hits="1" branch="False" />
                <line number="668" hits="1" branch="False" />
                <line number="669" hits="1" branch="False" />
                <line number="670" hits="1" branch="False" />
                <line number="673" hits="1" branch="False" />
                <line number="674" hits="1" branch="False" />
                <line number="675" hits="1" branch="False" />
                <line number="676" hits="1" branch="False" />
                <line number="677" hits="1" branch="False" />
                <line number="678" hits="1" branch="False" />
                <line number="681" hits="1" branch="False" />
                <line number="682" hits="1" branch="False" />
                <line number="683" hits="1" branch="False" />
                <line number="684" hits="1" branch="False" />
                <line number="686" hits="1" branch="False" />
                <line number="687" hits="1" branch="False" />
                <line number="688" hits="1" branch="False" />
                <line number="689" hits="1" branch="False" />
              </lines>
            </method>
            <method line-rate="1" branch-rate="1" complexity="1" name="CategoriaWithMultipleProdutos" signature="()">
              <lines>
                <line number="695" hits="1" branch="False" />
                <line number="696" hits="1" branch="False" />
                <line number="697" hits="1" branch="False" />
                <line number="698" hits="1" branch="False" />
                <line number="701" hits="1" branch="False" />
                <line number="702" hits="1" branch="False" />
                <line number="703" hits="1" branch="False" />
                <line number="706" hits="1" branch="False" />
                <line number="707" hits="1" branch="False" />
                <line number="709" hits="1" branch="False" />
                <line number="710" hits="1" branch="False" />
                <line number="711" hits="1" branch="False" />
              </lines>
            </method>
            <method line-rate="1" branch-rate="1" complexity="1" name="PedidoTotalCalculation" signature="()">
              <lines>
                <line number="717" hits="1" branch="False" />
                <line number="718" hits="1" branch="False" />
                <line number="719" hits="1" branch="False" />
                <line number="720" hits="1" branch="False" />
                <line number="722" hits="1" branch="False" />
                <line number="723" hits="1" branch="False" />
                <line number="724" hits="1" branch="False" />
                <line number="727" hits="1" branch="False" />
                <line number="728" hits="1" branch="False" />
                <line number="729" hits="1" branch="False" />
                <line number="730" hits="1" branch="False" />
                <line number="731" hits="1" branch="False" />
                <line number="732" hits="1" branch="False" />
                <line number="733" hits="1" branch="False" />
                <line number="736" hits="1" branch="False" />
                <line number="737" hits="1" branch="False" />
                <line number="738" hits="1" branch="False" />
                <line number="739" hits="1" branch="False" />
                <line number="740" hits="1" branch="False" />
              </lines>
            </method>
            <method line-rate="1" branch-rate="1" complexity="1" name="DbContextNotNull" signature="()">
              <lines>
                <line number="746" hits="1" branch="False" />
                <line number="747" hits="1" branch="False" />
                <line number="748" hits="1" branch="False" />
                <line number="749" hits="1" branch="False" />
                <line number="750" hits="1" branch="False" />
                <line number="751" hits="1" branch="False" />
                <line number="752" hits="1" branch="False" />
              </lines>
            </method>
            <method line-rate="1" branch-rate="1" complexity="1" name="QueryProdutosByCategoria" signature="()">
              <lines>
                <line number="758" hits="1" branch="False" />
                <line number="759" hits="1" branch="False" />
                <line number="760" hits="1" branch="False" />
                <line number="761" hits="1" branch="False" />
                <line number="762" hits="1" branch="False" />
                <line number="764" hits="1" branch="False" />
                <line number="765" hits="1" branch="False" />
                <line number="766" hits="1" branch="False" />
                <line number="769" hits="1" branch="False" />
                <line number="770" hits="1" branch="False" />
                <line number="773" hits="1" branch="False" />
                <line number="774" hits="1" branch="False" />
                <line number="775" hits="1" branch="False" />
              </lines>
            </method>
            <method line-rate="1" branch-rate="1" complexity="1" name="PedidoWithMultipleProdutosPedidos" signature="()">
              <lines>
                <line number="781" hits="1" branch="False" />
                <line number="782" hits="1" branch="False" />
                <line number="783" hits="1" branch="False" />
                <line number="784" hits="1" branch="False" />
                <line number="785" hits="1" branch="False" />
                <line number="787" hits="1" branch="False" />
                <line number="788" hits="1" branch="False" />
                <line number="789" hits="1" branch="False" />
                <line number="790" hits="1" branch="False" />
                <line number="792" hits="1" branch="False" />
                <line number="793" hits="1" branch="False" />
                <line number="794" hits="1" branch="False" />
                <line number="797" hits="1" branch="False" />
                <line number="798" hits="1" branch="False" />
                <line number="799" hits="1" branch="False" />
                <line number="800" hits="1" branch="False" />
                <line number="801" hits="1" branch="False" />
                <line number="804" hits="1" branch="False" />
                <line number="805" hits="1" branch="False" />
                <line number="806" hits="1" branch="False" />
                <line number="807" hits="1" branch="False" />
                <line number="808" hits="1" branch="False" />
              </lines>
            </method>
            <method line-rate="1" branch-rate="1" complexity="1" name="QueryUsuariosByPartialName" signature="()">
              <lines>
                <line number="814" hits="1" branch="False" />
                <line number="815" hits="1" branch="False" />
                <line number="816" hits="1" branch="False" />
                <line number="818" hits="1" branch="False" />
                <line number="819" hits="1" branch="False" />
                <line number="822" hits="1" branch="False" />
                <line number="823" hits="1" branch="False" />
                <line number="826" hits="1" branch="False" />
                <line number="827" hits="1" branch="False" />
                <line number="828" hits="1" branch="False" />
              </lines>
            </method>
            <method line-rate="1" branch-rate="1" complexity="1" name="TotalPedidosPerUsuario" signature="()">
              <lines>
                <line number="834" hits="1" branch="False" />
                <line number="835" hits="1" branch="False" />
                <line number="836" hits="1" branch="False" />
                <line number="837" hits="1" branch="False" />
                <line number="839" hits="1" branch="False" />
                <line number="840" hits="1" branch="False" />
                <line number="841" hits="1" branch="False" />
                <line number="844" hits="1" branch="False" />
                <line number="845" hits="1" branch="False" />
                <line number="848" hits="1" branch="False" />
                <line number="849" hits="1" branch="False" />
                <line number="850" hits="1" branch="False" />
              </lines>
            </method>
            <method line-rate="1" branch-rate="1" complexity="1" name="ProdutoPrecoRange" signature="()">
              <lines>
                <line number="856" hits="1" branch="False" />
                <line number="857" hits="1" branch="False" />
                <line number="858" hits="1" branch="False" />
                <line number="859" hits="1" branch="False" />
                <line number="861" hits="1" branch="False" />
                <line number="862" hits="1" branch="False" />
                <line number="863" hits="1" branch="False" />
                <line number="866" hits="1" branch="False" />
                <line number="867" hits="1" branch="False" />
                <line number="868" hits="1" branch="False" />
                <line number="871" hits="1" branch="False" />
                <line number="872" hits="1" branch="False" />
                <line number="873" hits="1" branch="False" />
                <line number="874" hits="1" branch="False" />
              </lines>
            </method>
            <method line-rate="1" branch-rate="1" complexity="1" name="UpdateUsuarioEmail" signature="()">
              <lines>
                <line number="880" hits="1" branch="False" />
                <line number="881" hits="1" branch="False" />
                <line number="882" hits="1" branch="False" />
                <line number="885" hits="1" branch="False" />
                <line number="886" hits="1" branch="False" />
                <line number="887" hits="1" branch="False" />
                <line number="890" hits="1" branch="False" />
                <line number="891" hits="1" branch="False" />
                <line number="892" hits="1" branch="False" />
              </lines>
            </method>
            <method line-rate="1" branch-rate="1" complexity="1" name="DeleteCategoria" signature="()">
              <lines>
                <line number="898" hits="1" branch="False" />
                <line number="899" hits="1" branch="False" />
                <line number="900" hits="1" branch="False" />
                <line number="901" hits="1" branch="False" />
                <line number="904" hits="1" branch="False" />
                <line number="905" hits="1" branch="False" />
                <line number="906" hits="1" branch="False" />
                <line number="909" hits="1" branch="False" />
                <line number="910" hits="1" branch="False" />
                <line number="911" hits="1" branch="False" />
              </lines>
            </method>
            <method line-rate="1" branch-rate="1" complexity="1" name="InsertManyUsuarios" signature="()">
              <lines>
                <line number="917" hits="1" branch="False" />
                <line number="919" hits="1" branch="False" />
                <line number="922" hits="1" branch="False" />
                <line number="923" hits="1" branch="False" />
                <line number="926" hits="1" branch="False" />
                <line number="927" hits="1" branch="False" />
                <line number="928" hits="1" branch="False" />
              </lines>
            </method>
            <method line-rate="1" branch-rate="1" complexity="1" name="HighestPricedProduct" signature="()">
              <lines>
                <line number="934" hits="1" branch="False" />
                <line number="935" hits="1" branch="False" />
                <line number="936" hits="1" branch="False" />
                <line number="937" hits="1" branch="False" />
                <line number="938" hits="1" branch="False" />
                <line number="939" hits="1" branch="False" />
                <line number="940" hits="1" branch="False" />
                <line number="942" hits="1" branch="False" />
                <line number="943" hits="1" branch="False" />
                <line number="944" hits="1" branch="False" />
                <line number="947" hits="1" branch="False" />
                <line number="948" hits="1" branch="False" />
                <line number="951" hits="1" branch="False" />
                <line number="952" hits="1" branch="False" />
                <line number="953" hits="1" branch="False" />
              </lines>
            </method>
            <method line-rate="1" branch-rate="1" complexity="1" name="LowestPricedProduct" signature="()">
              <lines>
                <line number="959" hits="1" branch="False" />
                <line number="960" hits="1" branch="False" />
                <line number="961" hits="1" branch="False" />
                <line number="962" hits="1" branch="False" />
                <line number="963" hits="1" branch="False" />
                <line number="964" hits="1" branch="False" />
                <line number="965" hits="1" branch="False" />
                <line number="967" hits="1" branch="False" />
                <line number="968" hits="1" branch="False" />
                <line number="969" hits="1" branch="False" />
                <line number="972" hits="1" branch="False" />
                <line number="973" hits="1" branch="False" />
                <line number="976" hits="1" branch="False" />
                <line number="977" hits="1" branch="False" />
                <line number="978" hits="1" branch="False" />
              </lines>
            </method>
            <method line-rate="1" branch-rate="1" complexity="1" name="AveragePricePerCategoria" signature="()">
              <lines>
                <line number="984" hits="1" branch="False" />
                <line number="985" hits="1" branch="False" />
                <line number="987" hits="1" branch="False" />
                <line number="988" hits="1" branch="False" />
                <line number="989" hits="1" branch="False" />
                <line number="990" hits="1" branch="False" />
                <line number="991" hits="1" branch="False" />
                <line number="992" hits="1" branch="False" />
                <line number="993" hits="1" branch="False" />
                <line number="995" hits="1" branch="False" />
                <line number="996" hits="1" branch="False" />
                <line number="997" hits="1" branch="False" />
                <line number="1000" hits="1" branch="False" />
                <line number="1001" hits="1" branch="False" />
                <line number="1004" hits="1" branch="False" />
                <line number="1005" hits="1" branch="False" />
                <line number="1006" hits="1" branch="False" />
              </lines>
            </method>
            <method line-rate="1" branch-rate="1" complexity="1" name="SimulateDataGeneration" signature="()">
              <lines>
                <line number="1012" hits="1" branch="False" />
                <line number="1013" hits="1" branch="False" />
                <line number="1015" hits="1" branch="False" />
                <line number="1016" hits="1" branch="False" />
                <line number="1019" hits="1" branch="False" />
                <line number="1021" hits="1" branch="False" />
                <line number="1022" hits="1" branch="False" />
                <line number="1023" hits="1" branch="False" />
                <line number="1025" hits="1" branch="False" />
                <line number="1028" hits="1" branch="False" />
                <line number="1029" hits="1" branch="False" />
                <line number="1030" hits="1" branch="False" />
                <line number="1032" hits="1" branch="False" />
                <line number="1034" hits="1" branch="False" />
                <line number="1035" hits="1" branch="False" />
                <line number="1036" hits="1" branch="False" />
                <line number="1037" hits="1" branch="False" />
                <line number="1038" hits="1" branch="False" />
                <line number="1039" hits="1" branch="False" />
                <line number="1040" hits="1" branch="False" />
                <line number="1041" hits="1" branch="False" />
                <line number="1043" hits="1" branch="False" />
                <line number="1046" hits="1" branch="False" />
                <line number="1047" hits="1" branch="False" />
                <line number="1048" hits="1" branch="False" />
                <line number="1050" hits="1" branch="False" />
                <line number="1052" hits="1" branch="False" />
                <line number="1053" hits="1" branch="False" />
                <line number="1054" hits="1" branch="False" />
                <line number="1055" hits="1" branch="False" />
                <line number="1056" hits="1" branch="False" />
                <line number="1057" hits="1" branch="False" />
                <line number="1058" hits="1" branch="False" />
                <line number="1060" hits="1" branch="False" />
                <line number="1063" hits="1" branch="False" />
                <line number="1064" hits="1" branch="False" />
                <line number="1066" hits="1" branch="False" />
                <line number="1067" hits="1" branch="False" />
                <line number="1068" hits="1" branch="False" />
                <line number="1069" hits="1" branch="False" />
                <line number="1070" hits="1" branch="False" />
                <line number="1071" hits="1" branch="False" />
                <line number="1072" hits="1" branch="False" />
                <line number="1074" hits="1" branch="False" />
                <line number="1077" hits="1" branch="False" />
                <line number="1079" hits="1" branch="False" />
                <line number="1080" hits="1" branch="False" />
                <line number="1082" hits="1" branch="False" />
                <line number="1087" hits="1" branch="False" />
                <line number="1088" hits="1" branch="False" />
                <line number="1090" hits="1" branch="False" />
                <line number="1092" hits="1" branch="False" />
                <line number="1093" hits="1" branch="False" />
                <line number="1094" hits="1" branch="False" />
                <line number="1095" hits="1" branch="False" />
                <line number="1096" hits="1" branch="False" />
                <line number="1097" hits="1" branch="False" />
                <line number="1100" hits="1" branch="False" />
                <line number="1103" hits="1" branch="False" />
                <line number="1105" hits="1" branch="False" />
                <line number="1107" hits="1" branch="False" />
                <line number="1110" hits="1" branch="False" />
                <line number="1111" hits="1" branch="False" />
                <line number="1112" hits="1" branch="False" />
                <line number="1113" hits="1" branch="False" />
                <line number="1114" hits="1" branch="False" />
                <line number="1116" hits="1" branch="False" />
                <line number="1118" hits="1" branch="False" />
                <line number="1120" hits="1" branch="False" />
              </lines>
            </method>
            <method line-rate="1" branch-rate="1" complexity="1" name="ClearAndRepopulateData" signature="()">
              <lines>
                <line number="1126" hits="1" branch="False" />
                <line number="1127" hits="1" branch="False" />
                <line number="1128" hits="1" branch="False" />
                <line number="1129" hits="1" branch="False" />
                <line number="1131" hits="1" branch="False" />
                <line number="1132" hits="1" branch="False" />
                <line number="1133" hits="1" branch="False" />
                <line number="1134" hits="1" branch="False" />
                <line number="1135" hits="1" branch="False" />
                <line number="1137" hits="1" branch="False" />
                <line number="1140" hits="1" branch="False" />
                <line number="1141" hits="1" branch="False" />
                <line number="1142" hits="1" branch="False" />
                <line number="1143" hits="1" branch="False" />
                <line number="1144" hits="1" branch="False" />
                <line number="1145" hits="1" branch="False" />
                <line number="1147" hits="1" branch="False" />
                <line number="1150" hits="1" branch="False" />
                <line number="1151" hits="1" branch="False" />
                <line number="1152" hits="1" branch="False" />
              </lines>
            </method>
            <method line-rate="1" branch-rate="1" complexity="1" name="QueryWithInclude" signature="()">
              <lines>
                <line number="1158" hits="1" branch="False" />
                <line number="1159" hits="1" branch="False" />
                <line number="1160" hits="1" branch="False" />
                <line number="1161" hits="1" branch="False" />
                <line number="1162" hits="1" branch="False" />
                <line number="1164" hits="1" branch="False" />
                <line number="1165" hits="1" branch="False" />
                <line number="1166" hits="1" branch="False" />
                <line number="1167" hits="1" branch="False" />
                <line number="1168" hits="1" branch="False" />
                <line number="1169" hits="1" branch="False" />
                <line number="1172" hits="1" branch="False" />
                <line number="1173" hits="1" branch="False" />
                <line number="1174" hits="1" branch="False" />
                <line number="1175" hits="1" branch="False" />
                <line number="1176" hits="1" branch="False" />
                <line number="1177" hits="1" branch="False" />
                <line number="1180" hits="1" branch="False" />
                <line number="1181" hits="1" branch="False" />
                <line number="1182" hits="1" branch="False" />
                <line number="1183" hits="1" branch="False" />
                <line number="1184" hits="1" branch="False" />
              </lines>
            </method>
            <method line-rate="1" branch-rate="1" complexity="1" name="BulkOperations" signature="()">
              <lines>
                <line number="1190" hits="1" branch="False" />
                <line number="1192" hits="1" branch="False" />
                <line number="1194" hits="1" branch="False" />
                <line number="1201" hits="1" branch="False" />
                <line number="1204" hits="1" branch="False" />
                <line number="1205" hits="1" branch="False" />
                <line number="1206" hits="1" branch="False" />
                <line number="1207" hits="1" branch="False" />
                <line number="1210" hits="1" branch="False" />
                <line number="1211" hits="1" branch="False" />
                <line number="1212" hits="1" branch="False" />
                <line number="1213" hits="1" branch="False" />
              </lines>
            </method>
            <method line-rate="1" branch-rate="1" complexity="1" name="OrderByQueryResults" signature="()">
              <lines>
                <line number="1219" hits="1" branch="False" />
                <line number="1220" hits="1" branch="False" />
                <line number="1221" hits="1" branch="False" />
                <line number="1222" hits="1" branch="False" />
[...]
                <line number="146" hits="0" branch="False" />
                <line number="148" hits="0" branch="False" />
                <line number="149" hits="0" branch="False" />
                <line number="150" hits="0" branch="False" />
                <line number="151" hits="0" branch="False" />
                <line number="152" hits="0" branch="False" />
                <line number="154" hits="0" branch="False" />
                <line number="156" hits="0" branch="False" />
                <line number="157" hits="0" branch="False" />
              </lines>
            </method>
            <method line-rate="0" branch-rate="1" complexity="1" name="&lt;BuildTargetModel&gt;b__2_8" signature="(Microsoft.EntityFrameworkCore.Metadata.Builders.EntityTypeBuilder)">
              <lines>
                <line number="161" hits="0" branch="False" />
                <line number="162" hits="0" branch="False" />
              </lines>
            </method>
            <method line-rate="0" branch-rate="1" complexity="1" name="&lt;BuildTargetModel&gt;b__2_9" signature="(Microsoft.EntityFrameworkCore.Metadata.Builders.EntityTypeBuilder)">
              <lines>
                <line number="166" hits="0" branch="False" />
                <line number="167" hits="0" branch="False" />
              </lines>
            </method>
          </methods>
          <lines>
            <line number="23" hits="0" branch="False" />
            <line number="24" hits="0" branch="False" />
            <line number="25" hits="0" branch="False" />
            <line number="27" hits="0" branch="False" />
            <line number="28" hits="0" branch="False" />
            <line number="29" hits="0" branch="False" />
            <line number="31" hits="0" branch="False" />
            <line number="33" hits="0" branch="False" />
            <line number="34" hits="0" branch="False" />
            <line number="38" hits="0" branch="False" />
            <line number="39" hits="0" branch="False" />
            <line number="40" hits="0" branch="False" />
            <line number="42" hits="0" branch="False" />
            <line number="43" hits="0" branch="False" />
            <line number="45" hits="0" branch="False" />
            <line number="46" hits="0" branch="False" />
            <line number="48" hits="0" branch="False" />
            <line number="50" hits="0" branch="False" />
            <line number="52" hits="0" branch="False" />
            <line number="53" hits="0" branch="False" />
            <line number="57" hits="0" branch="False" />
            <line number="58" hits="0" branch="False" />
            <line number="59" hits="0" branch="False" />
            <line number="61" hits="0" branch="False" />
            <line number="62" hits="0" branch="False" />
            <line number="64" hits="0" branch="False" />
            <line number="65" hits="0" branch="False" />
            <line number="66" hits="0" branch="False" />
            <line number="68" hits="0" branch="False" />
            <line number="69" hits="0" branch="False" />
            <line number="71" hits="0" branch="False" />
            <line number="73" hits="0" branch="False" />
            <line number="75" hits="0" branch="False" />
            <line number="76" hits="0" branch="False" />
            <line number="80" hits="0" branch="False" />
            <line number="81" hits="0" branch="False" />
            <line number="82" hits="0" branch="False" />
            <line number="84" hits="0" branch="False" />
            <line number="85" hits="0" branch="False" />
            <line number="87" hits="0" branch="False" />
            <line number="88" hits="0" branch="False" />
            <line number="90" hits="0" branch="False" />
            <line number="92" hits="0" branch="False" />
            <line number="94" hits="0" branch="False" />
            <line number="96" hits="0" branch="False" />
            <line number="97" hits="0" branch="False" />
            <line number="101" hits="0" branch="False" />
            <line number="102" hits="0" branch="False" />
            <line number="103" hits="0" branch="False" />
            <line number="105" hits="0" branch="False" />
            <line number="106" hits="0" branch="False" />
            <line number="107" hits="0" branch="False" />
            <line number="109" hits="0" branch="False" />
            <line number="110" hits="0" branch="False" />
            <line number="111" hits="0" branch="False" />
            <line number="113" hits="0" branch="False" />
            <line number="115" hits="0" branch="False" />
            <line number="116" hits="0" branch="False" />
            <line number="120" hits="0" branch="False" />
            <line number="121" hits="0" branch="False" />
            <line number="122" hits="0" branch="False" />
            <line number="123" hits="0" branch="False" />
            <line number="124" hits="0" branch="False" />
            <line number="126" hits="0" branch="False" />
            <line number="127" hits="0" branch="False" />
            <line number="131" hits="0" branch="False" />
            <line number="132" hits="0" branch="False" />
            <line number="133" hits="0" branch="False" />
            <line number="134" hits="0" branch="False" />
            <line number="135" hits="0" branch="False" />
            <line number="137" hits="0" branch="False" />
            <line number="138" hits="0" branch="False" />
            <line number="142" hits="0" branch="False" />
            <line number="143" hits="0" branch="False" />
            <line number="144" hits="0" branch="False" />
            <line number="145" hits="0" branch="False" />
            <line number="146" hits="0" branch="False" />
            <line number="148" hits="0" branch="False" />
            <line number="149" hits="0" branch="False" />
            <line number="150" hits="0" branch="False" />
            <line number="151" hits="0" branch="False" />
            <line number="152" hits="0" branch="False" />
            <line number="154" hits="0" branch="False" />
            <line number="156" hits="0" branch="False" />
            <line number="157" hits="0" branch="False" />
            <line number="161" hits="0" branch="False" />
            <line number="162" hits="0" branch="False" />
            <line number="166" hits="0" branch="False" />
            <line number="167" hits="0" branch="False" />
          </lines>
        </class>
        <class line-rate="0" branch-rate="1" complexity="1" name="EFManager.Migrations.AppDbContextModelSnapshot.&lt;&gt;c" filename="C:\Users\casa\Documents\projetos\EFManager\Migrations\AppDbContextModelSnapshot.cs">
          <methods>
            <method line-rate="0" branch-rate="1" complexity="1" name="&lt;BuildModel&gt;b__0_0" signature="(Microsoft.EntityFrameworkCore.Metadata.Builders.EntityTypeBuilder)">
              <lines>
                <line number="20" hits="0" branch="False" />
                <line number="21" hits="0" branch="False" />
                <line number="22" hits="0" branch="False" />
                <line number="24" hits="0" branch="False" />
                <line number="25" hits="0" branch="False" />
                <line number="26" hits="0" branch="False" />
                <line number="28" hits="0" branch="False" />
                <line number="30" hits="0" branch="False" />
                <line number="31" hits="0" branch="False" />
              </lines>
            </method>
            <method line-rate="0" branch-rate="1" complexity="1" name="&lt;BuildModel&gt;b__0_1" signature="(Microsoft.EntityFrameworkCore.Metadata.Builders.EntityTypeBuilder)">
              <lines>
                <line number="35" hits="0" branch="False" />
                <line number="36" hits="0" branch="False" />
                <line number="37" hits="0" branch="False" />
                <line number="39" hits="0" branch="False" />
                <line number="40" hits="0" branch="False" />
                <line number="42" hits="0" branch="False" />
                <line number="43" hits="0" branch="False" />
                <line number="45" hits="0" branch="False" />
                <line number="47" hits="0" branch="False" />
                <line number="49" hits="0" branch="False" />
                <line number="50" hits="0" branch="False" />
              </lines>
            </method>
            <method line-rate="0" branch-rate="1" complexity="1" name="&lt;BuildModel&gt;b__0_2" signature="(Microsoft.EntityFrameworkCore.Metadata.Builders.EntityTypeBuilder)">
              <lines>
                <line number="54" hits="0" branch="False" />
                <line number="55" hits="0" branch="False" />
                <line number="56" hits="0" branch="False" />
                <line number="58" hits="0" branch="False" />
                <line number="59" hits="0" branch="False" />
                <line number="61" hits="0" branch="False" />
                <line number="62" hits="0" branch="False" />
                <line number="63" hits="0" branch="False" />
                <line number="65" hits="0" branch="False" />
                <line number="66" hits="0" branch="False" />
                <line number="68" hits="0" branch="False" />
                <line number="70" hits="0" branch="False" />
                <line number="72" hits="0" branch="False" />
                <line number="73" hits="0" branch="False" />
              </lines>
            </method>
            <method line-rate="0" branch-rate="1" complexity="1" name="&lt;BuildModel&gt;b__0_3" signature="(Microsoft.EntityFrameworkCore.Metadata.Builders.EntityTypeBuilder)">
              <lines>
                <line number="77" hits="0" branch="False" />
                <line number="78" hits="0" branch="False" />
                <line number="79" hits="0" branch="False" />
                <line number="81" hits="0" branch="False" />
                <line number="82" hits="0" branch="False" />
                <line number="84" hits="0" branch="False" />
                <line number="85" hits="0" branch="False" />
                <line number="87" hits="0" branch="False" />
                <line number="89" hits="0" branch="False" />
                <line number="91" hits="0" branch="False" />
                <line number="93" hits="0" branch="False" />
                <line number="94" hits="0" branch="False" />
              </lines>
            </method>
            <method line-rate="0" branch-rate="1" complexity="1" name="&lt;BuildModel&gt;b__0_4" signature="(Microsoft.EntityFrameworkCore.Metadata.Builders.EntityTypeBuilder)">
              <lines>
                <line number="98" hits="0" branch="False" />
                <line number="99" hits="0" branch="False" />
                <line number="100" hits="0" branch="False" />
                <line number="102" hits="0" branch="False" />
                <line number="103" hits="0" branch="False" />
                <line number="104" hits="0" branch="False" />
                <line number="106" hits="0" branch="False" />
                <line number="107" hits="0" branch="False" />
                <line number="108" hits="0" branch="False" />
                <line number="110" hits="0" branch="False" />
                <line number="112" hits="0" branch="False" />
                <line number="113" hits="0" branch="False" />
              </lines>
            </method>
            <method line-rate="0" branch-rate="1" complexity="1" name="&lt;BuildModel&gt;b__0_5" signature="(Microsoft.EntityFrameworkCore.Metadata.Builders.EntityTypeBuilder)">
              <lines>
                <line number="117" hits="0" branch="False" />
                <line number="118" hits="0" branch="False" />
                <line number="119" hits="0" branch="False" />
                <line number="120" hits="0" branch="False" />
                <line number="121" hits="0" branch="False" />
                <line number="123" hits="0" branch="False" />
                <line number="124" hits="0" branch="False" />
              </lines>
            </method>
            <method line-rate="0" branch-rate="1" complexity="1" name="&lt;BuildModel&gt;b__0_6" signature="(Microsoft.EntityFrameworkCore.Metadata.Builders.EntityTypeBuilder)">
              <lines>
                <line number="128" hits="0" branch="False" />
                <line number="129" hits="0" branch="False" />
                <line number="130" hits="0" branch="False" />
                <line number="131" hits="0" branch="False" />
                <line number="132" hits="0" branch="False" />
                <line number="134" hits="0" branch="False" />
                <line number="135" hits="0" branch="False" />
              </lines>
            </method>
            <method line-rate="0" branch-rate="1" complexity="1" name="&lt;BuildModel&gt;b__0_7" signature="(Microsoft.EntityFrameworkCore.Metadata.Builders.EntityTypeBuilder)">
              <lines>
                <line number="139" hits="0" branch="False" />
                <line number="140" hits="0" branch="False" />
                <line number="141" hits="0" branch="False" />
                <line number="142" hits="0" branch="False" />
                <line number="143" hits="0" branch="False" />
                <line number="145" hits="0" branch="False" />
                <line number="146" hits="0" branch="False" />
                <line number="147" hits="0" branch="False" />
                <line number="148" hits="0" branch="False" />
                <line number="149" hits="0" branch="False" />
                <line number="151" hits="0" branch="False" />
                <line number="153" hits="0" branch="False" />
                <line number="154" hits="0" branch="False" />
              </lines>
            </method>
            <method line-rate="0" branch-rate="1" complexity="1" name="&lt;BuildModel&gt;b__0_8" signature="(Microsoft.EntityFrameworkCore.Metadata.Builders.EntityTypeBuilder)">
              <lines>
                <line number="158" hits="0" branch="False" />
                <line number="159" hits="0" branch="False" />
              </lines>
            </method>
            <method line-rate="0" branch-rate="1" complexity="1" name="&lt;BuildModel&gt;b__0_9" signature="(Microsoft.EntityFrameworkCore.Metadata.Builders.EntityTypeBuilder)">
              <lines>
                <line number="163" hits="0" branch="False" />
                <line number="164" hits="0" branch="False" />
              </lines>
            </method>
          </methods>
          <lines>
            <line number="20" hits="0" branch="False" />
            <line number="21" hits="0" branch="False" />
            <line number="22" hits="0" branch="False" />
            <line number="24" hits="0" branch="False" />
            <line number="25" hits="0" branch="False" />
            <line number="26" hits="0" branch="False" />
            <line number="28" hits="0" branch="False" />
            <line number="30" hits="0" branch="False" />
            <line number="31" hits="0" branch="False" />
            <line number="35" hits="0" branch="False" />
            <line number="36" hits="0" branch="False" />
            <line number="37" hits="0" branch="False" />
            <line number="39" hits="0" branch="False" />
            <line number="40" hits="0" branch="False" />
            <line number="42" hits="0" branch="False" />
            <line number="43" hits="0" branch="False" />
            <line number="45" hits="0" branch="False" />
            <line number="47" hits="0" branch="False" />
            <line number="49" hits="0" branch="False" />
            <line number="50" hits="0" branch="False" />
            <line number="54" hits="0" branch="False" />
            <line number="55" hits="0" branch="False" />
            <line number="56" hits="0" branch="False" />
            <line number="58" hits="0" branch="False" />
            <line number="59" hits="0" branch="False" />
            <line number="61" hits="0" branch="False" />
            <line number="62" hits="0" branch="False" />
            <line number="63" hits="0" branch="False" />
            <line number="65" hits="0" branch="False" />
            <line number="66" hits="0" branch="False" />
            <line number="68" hits="0" branch="False" />
            <line number="70" hits="0" branch="False" />
            <line number="72" hits="0" branch="False" />
            <line number="73" hits="0" branch="False" />
            <line number="77" hits="0" branch="False" />
            <line number="78" hits="0" branch="False" />
            <line number="79" hits="0" branch="False" />
            <line number="81" hits="0" branch="False" />
            <line number="82" hits="0" branch="False" />
            <line number="84" hits="0" branch="False" />
            <line number="85" hits="0" branch="False" />
            <line number="87" hits="0" branch="False" />
            <line number="89" hits="0" branch="False" />
            <line number="91" hits="0" branch="False" />
            <line number="93" hits="0" branch="False" />
            <line number="94" hits="0" branch="False" />
            <line number="98" hits="0" branch="False" />
            <line number="99" hits="0" branch="False" />
            <line number="100" hits="0" branch="False" />
            <line number="102" hits="0" branch="False" />
            <line number="103" hits="0" branch="False" />
            <line number="104" hits="0" branch="False" />
            <line number="106" hits="0" branch="False" />
            <line number="107" hits="0" branch="False" />
            <line number="108" hits="0" branch="False" />
            <line number="110" hits="0" branch="False" />
            <line number="112" hits="0" branch="False" />
            <line number="113" hits="0" branch="False" />
            <line number="117" hits="0" branch="False" />
            <line number="118" hits="0" branch="False" />
            <line number="119" hits="0" branch="False" />
            <line number="120" hits="0" branch="False" />
            <line number="121" hits="0" branch="False" />
            <line number="123" hits="0" branch="False" />
            <line number="124" hits="0" branch="False" />
            <line number="128" hits="0" branch="False" />
            <line number="129" hits="0" branch="False" />
            <line number="130" hits="0" branch="False" />
            <line number="131" hits="0" branch="False" />
            <line number="132" hits="0" branch="False" />
            <line number="134" hits="0" branch="False" />
            <line number="135" hits="0" branch="False" />
            <line number="139" hits="0" branch="False" />
            <line number="140" hits="0" branch="False" />
            <line number="141" hits="0" branch="False" />
            <line number="142" hits="0" branch="False" />
            <line number="143" hits="0" branch="False" />
            <line number="145" hits="0" branch="False" />
            <line number="146" hits="0" branch="False" />
            <line number="147" hits="0" branch="False" />
            <line number="148" hits="0" branch="False" />
            <line number="149" hits="0" branch="False" />
            <line number="151" hits="0" branch="False" />
            <line number="153" hits="0" branch="False" />
            <line number="154" hits="0" branch="False" />
            <line number="158" hits="0" branch="False" />
            <line number="159" hits="0" branch="False" />
            <line number="163" hits="0" branch="False" />
            <line number="164" hits="0" branch="False" />
          </lines>
        </class>
      </classes>
    </package>
  </packages>
</coverage>